INFO:     Will watch for changes in these directories: ['/home/sannah/.openclaw/workspace-codeingman/projects/salmon-pms/backend']
INFO:     Uvicorn running on http://0.0.0.0:8000 (Press CTRL+C to quit)
INFO:     Started reloader process [29745] using WatchFiles
/home/sannah/.openclaw/workspace-codeingman/projects/salmon-pms/backend/app/schemas/sales.py:103: UserWarning: Field name "amount" in "WholeFishSaleItemResponse" shadows an attribute in parent "WholeFishSaleItemBase"
  class WholeFishSaleItemResponse(WholeFishSaleItemBase):
INFO:     Started server process [29747]
INFO:     Waiting for application startup.
2026-05-07 13:18:33,044 INFO sqlalchemy.engine.Engine BEGIN (implicit)
2026-05-07 13:18:33,044 INFO sqlalchemy.engine.Engine PRAGMA main.table_info("companies")
2026-05-07 13:18:33,044 INFO sqlalchemy.engine.Engine [raw sql] ()
2026-05-07 13:18:33,045 INFO sqlalchemy.engine.Engine PRAGMA main.table_info("salespersons")
2026-05-07 13:18:33,045 INFO sqlalchemy.engine.Engine [raw sql] ()
2026-05-07 13:18:33,046 INFO sqlalchemy.engine.Engine PRAGMA main.table_info("commission_records")
2026-05-07 13:18:33,046 INFO sqlalchemy.engine.Engine [raw sql] ()
2026-05-07 13:18:33,047 INFO sqlalchemy.engine.Engine PRAGMA main.table_info("bank_accounts")
2026-05-07 13:18:33,047 INFO sqlalchemy.engine.Engine [raw sql] ()
2026-05-07 13:18:33,048 INFO sqlalchemy.engine.Engine PRAGMA main.table_info("users")
2026-05-07 13:18:33,048 INFO sqlalchemy.engine.Engine [raw sql] ()
2026-05-07 13:18:33,049 INFO sqlalchemy.engine.Engine PRAGMA main.table_info("user_settings")
2026-05-07 13:18:33,049 INFO sqlalchemy.engine.Engine [raw sql] ()
2026-05-07 13:18:33,050 INFO sqlalchemy.engine.Engine PRAGMA main.table_info("import_invoices")
2026-05-07 13:18:33,050 INFO sqlalchemy.engine.Engine [raw sql] ()
2026-05-07 13:18:33,050 INFO sqlalchemy.engine.Engine PRAGMA main.table_info("products")
2026-05-07 13:18:33,051 INFO sqlalchemy.engine.Engine [raw sql] ()
2026-05-07 13:18:33,051 INFO sqlalchemy.engine.Engine PRAGMA main.table_info("product_boms")
2026-05-07 13:18:33,051 INFO sqlalchemy.engine.Engine [raw sql] ()
2026-05-07 13:18:33,052 INFO sqlalchemy.engine.Engine PRAGMA main.table_info("product_packagings")
2026-05-07 13:18:33,052 INFO sqlalchemy.engine.Engine [raw sql] ()
2026-05-07 13:18:33,052 INFO sqlalchemy.engine.Engine PRAGMA main.table_info("product_accessories")
2026-05-07 13:18:33,052 INFO sqlalchemy.engine.Engine [raw sql] ()
2026-05-07 13:18:33,052 INFO sqlalchemy.engine.Engine PRAGMA main.table_info("invoice_products")
2026-05-07 13:18:33,052 INFO sqlalchemy.engine.Engine [raw sql] ()
2026-05-07 13:18:33,053 INFO sqlalchemy.engine.Engine PRAGMA main.table_info("shipments")
2026-05-07 13:18:33,053 INFO sqlalchemy.engine.Engine [raw sql] ()
2026-05-07 13:18:33,053 INFO sqlalchemy.engine.Engine PRAGMA main.table_info("batches")
2026-05-07 13:18:33,053 INFO sqlalchemy.engine.Engine [raw sql] ()
2026-05-07 13:18:33,054 INFO sqlalchemy.engine.Engine PRAGMA main.table_info("batch_invoices")
2026-05-07 13:18:33,054 INFO sqlalchemy.engine.Engine [raw sql] ()
2026-05-07 13:18:33,054 INFO sqlalchemy.engine.Engine PRAGMA main.table_info("exchange_records")
2026-05-07 13:18:33,054 INFO sqlalchemy.engine.Engine [raw sql] ()
2026-05-07 13:18:33,055 INFO sqlalchemy.engine.Engine PRAGMA main.table_info("import_taxes")
2026-05-07 13:18:33,055 INFO sqlalchemy.engine.Engine [raw sql] ()
2026-05-07 13:18:33,055 INFO sqlalchemy.engine.Engine PRAGMA main.table_info("clearance_costs")
2026-05-07 13:18:33,055 INFO sqlalchemy.engine.Engine [raw sql] ()
2026-05-07 13:18:33,056 INFO sqlalchemy.engine.Engine PRAGMA main.table_info("whole_fish_sales")
2026-05-07 13:18:33,056 INFO sqlalchemy.engine.Engine [raw sql] ()
2026-05-07 13:18:33,056 INFO sqlalchemy.engine.Engine PRAGMA main.table_info("whole_fish_sale_items")
2026-05-07 13:18:33,056 INFO sqlalchemy.engine.Engine [raw sql] ()
2026-05-07 13:18:33,057 INFO sqlalchemy.engine.Engine PRAGMA main.table_info("finished_product_sales")
2026-05-07 13:18:33,057 INFO sqlalchemy.engine.Engine [raw sql] ()
2026-05-07 13:18:33,057 INFO sqlalchemy.engine.Engine PRAGMA main.table_info("finished_product_receipts")
2026-05-07 13:18:33,057 INFO sqlalchemy.engine.Engine [raw sql] ()
2026-05-07 13:18:33,058 INFO sqlalchemy.engine.Engine PRAGMA main.table_info("finished_product_aftersales")
2026-05-07 13:18:33,058 INFO sqlalchemy.engine.Engine [raw sql] ()
2026-05-07 13:18:33,058 INFO sqlalchemy.engine.Engine PRAGMA main.table_info("sales_receipts")
2026-05-07 13:18:33,058 INFO sqlalchemy.engine.Engine [raw sql] ()
2026-05-07 13:18:33,058 INFO sqlalchemy.engine.Engine PRAGMA main.table_info("aftersales_records")
2026-05-07 13:18:33,058 INFO sqlalchemy.engine.Engine [raw sql] ()
2026-05-07 13:18:33,059 INFO sqlalchemy.engine.Engine PRAGMA main.table_info("transaction_records")
2026-05-07 13:18:33,059 INFO sqlalchemy.engine.Engine [raw sql] ()
2026-05-07 13:18:33,059 INFO sqlalchemy.engine.Engine PRAGMA main.table_info("inventory")
2026-05-07 13:18:33,059 INFO sqlalchemy.engine.Engine [raw sql] ()
2026-05-07 13:18:33,060 INFO sqlalchemy.engine.Engine PRAGMA main.table_info("inventory_movements")
2026-05-07 13:18:33,060 INFO sqlalchemy.engine.Engine [raw sql] ()
2026-05-07 13:18:33,060 INFO sqlalchemy.engine.Engine PRAGMA main.table_info("audit_trail")
2026-05-07 13:18:33,060 INFO sqlalchemy.engine.Engine [raw sql] ()
2026-05-07 13:18:33,060 INFO sqlalchemy.engine.Engine PRAGMA main.table_info("notifications")
2026-05-07 13:18:33,060 INFO sqlalchemy.engine.Engine [raw sql] ()
2026-05-07 13:18:33,061 INFO sqlalchemy.engine.Engine PRAGMA main.table_info("system_configs")
2026-05-07 13:18:33,061 INFO sqlalchemy.engine.Engine [raw sql] ()
2026-05-07 13:18:33,061 INFO sqlalchemy.engine.Engine PRAGMA main.table_info("daily_slaughter_records")
2026-05-07 13:18:33,061 INFO sqlalchemy.engine.Engine [raw sql] ()
2026-05-07 13:18:33,062 INFO sqlalchemy.engine.Engine PRAGMA main.table_info("warehouse_purchase_orders")
2026-05-07 13:18:33,062 INFO sqlalchemy.engine.Engine [raw sql] ()
2026-05-07 13:18:33,062 INFO sqlalchemy.engine.Engine PRAGMA main.table_info("warehouse_stocks")
2026-05-07 13:18:33,062 INFO sqlalchemy.engine.Engine [raw sql] ()
2026-05-07 13:18:33,063 INFO sqlalchemy.engine.Engine PRAGMA main.table_info("finished_product_sale_items")
2026-05-07 13:18:33,063 INFO sqlalchemy.engine.Engine [raw sql] ()
2026-05-07 13:18:33,064 INFO sqlalchemy.engine.Engine PRAGMA main.table_info("loss_records")
2026-05-07 13:18:33,064 INFO sqlalchemy.engine.Engine [raw sql] ()
2026-05-07 13:18:33,064 INFO sqlalchemy.engine.Engine PRAGMA main.table_info("finished_product_commissions")
2026-05-07 13:18:33,064 INFO sqlalchemy.engine.Engine [raw sql] ()
2026-05-07 13:18:33,066 INFO sqlalchemy.engine.Engine COMMIT
INFO:     Application startup complete.
INFO:     Shutting down
INFO:     Waiting for application shutdown.
INFO:     Application shutdown complete.
INFO:     Finished server process [29747]
INFO:     Stopping reloader process [29745]
